2019-07-29 19:06:18,197 - [DEBUG] - [msg]开始执行用例。。。。- test_01_register.py - 21
2019-07-29 19:06:18,197 - [DEBUG] - [msg]开始执行用例。。。。- test_01_register.py - 21
2019-07-29 19:06:18,530 - [DEBUG] - [msg]获取到的data数据为：{"mobilephone":"13880415276","pwd":"123456","regname":"jason"}，在第【2】- test_01_register.py - 32
2019-07-29 19:06:18,530 - [DEBUG] - [msg]获取到的data数据为：{"mobilephone":"13880415276","pwd":"123456","regname":"jason"}，在第【2】- test_01_register.py - 32
2019-07-29 19:06:18,763 - [DEBUG] - [msg]测试注册成功：完整,用例执行成功,执行结果为:pass- test_01_register.py - 55
2019-07-29 19:06:18,763 - [DEBUG] - [msg]测试注册成功：完整,用例执行成功,执行结果为:pass- test_01_register.py - 55
2019-07-29 19:06:19,061 - [DEBUG] - [msg]获取到的data数据为：{"mobilephone":"15823781690","pwd":"123456"}，在第【3】- test_01_register.py - 32
2019-07-29 19:06:19,061 - [DEBUG] - [msg]获取到的data数据为：{"mobilephone":"15823781690","pwd":"123456"}，在第【3】- test_01_register.py - 32
2019-07-29 19:06:19,217 - [DEBUG] - [msg]测试注册成功：无昵称,用例执行成功,执行结果为:pass- test_01_register.py - 55
2019-07-29 19:06:19,217 - [DEBUG] - [msg]测试注册成功：无昵称,用例执行成功,执行结果为:pass- test_01_register.py - 55
2019-07-29 19:06:19,496 - [DEBUG] - [msg]获取到的data数据为：{"mobilephone":"15839014875","pwd":"123456","regname":"jason"}，在第【4】- test_01_register.py - 32
2019-07-29 19:06:19,496 - [DEBUG] - [msg]获取到的data数据为：{"mobilephone":"15839014875","pwd":"123456","regname":"jason"}，在第【4】- test_01_register.py - 32
2019-07-29 19:06:19,642 - [DEBUG] - [msg]测试注册成功：有昵称,用例执行成功,执行结果为:pass- test_01_register.py - 55
2019-07-29 19:06:19,642 - [DEBUG] - [msg]测试注册成功：有昵称,用例执行成功,执行结果为:pass- test_01_register.py - 55
2019-07-29 19:06:19,920 - [DEBUG] - [msg]获取到的data数据为：{"mobilephone":"17874982156","pwd":"","regname":"jason"}，在第【5】- test_01_register.py - 32
2019-07-29 19:06:19,920 - [DEBUG] - [msg]获取到的data数据为：{"mobilephone":"17874982156","pwd":"","regname":"jason"}，在第【5】- test_01_register.py - 32
2019-07-29 19:06:20,052 - [DEBUG] - [msg]测试注册异常：密码为空,用例执行成功,执行结果为:pass- test_01_register.py - 55
2019-07-29 19:06:20,052 - [DEBUG] - [msg]测试注册异常：密码为空,用例执行成功,执行结果为:pass- test_01_register.py - 55
2019-07-29 19:06:20,053 - [DEBUG] - [msg]获取到的data数据为：{"mobilephone":"","pwd":"123456","regname":"jason"}，在第【6】- test_01_register.py - 32
2019-07-29 19:06:20,053 - [DEBUG] - [msg]获取到的data数据为：{"mobilephone":"","pwd":"123456","regname":"jason"}，在第【6】- test_01_register.py - 32
2019-07-29 19:06:20,244 - [DEBUG] - [msg]测试注册异常：手机号为空,用例执行成功,执行结果为:pass- test_01_register.py - 55
2019-07-29 19:06:20,244 - [DEBUG] - [msg]测试注册异常：手机号为空,用例执行成功,执行结果为:pass- test_01_register.py - 55
2019-07-29 19:06:20,246 - [DEBUG] - [msg]获取到的data数据为：{"mobilephone":"18934567","pwd":"123456","regname":"jason"}，在第【7】- test_01_register.py - 32
2019-07-29 19:06:20,246 - [DEBUG] - [msg]获取到的data数据为：{"mobilephone":"18934567","pwd":"123456","regname":"jason"}，在第【7】- test_01_register.py - 32
2019-07-29 19:06:20,385 - [DEBUG] - [msg]测试注册异常：手机号不足11位,用例执行成功,执行结果为:pass- test_01_register.py - 55
2019-07-29 19:06:20,385 - [DEBUG] - [msg]测试注册异常：手机号不足11位,用例执行成功,执行结果为:pass- test_01_register.py - 55
2019-07-29 19:06:20,385 - [DEBUG] - [msg]获取到的data数据为：{"mobilephone":"189345674343443","pwd":"123456","regname":"jason"}，在第【8】- test_01_register.py - 32
2019-07-29 19:06:20,385 - [DEBUG] - [msg]获取到的data数据为：{"mobilephone":"189345674343443","pwd":"123456","regname":"jason"}，在第【8】- test_01_register.py - 32
2019-07-29 19:06:20,601 - [DEBUG] - [msg]测试注册异常：手机号超过11位,用例执行成功,执行结果为:pass- test_01_register.py - 55
2019-07-29 19:06:20,601 - [DEBUG] - [msg]测试注册异常：手机号超过11位,用例执行成功,执行结果为:pass- test_01_register.py - 55
2019-07-29 19:06:20,866 - [DEBUG] - [msg]获取到的data数据为：{"mobilephone":"17889312456","pwd":"1234","regname":"jason"}，在第【9】- test_01_register.py - 32
2019-07-29 19:06:20,866 - [DEBUG] - [msg]获取到的data数据为：{"mobilephone":"17889312456","pwd":"1234","regname":"jason"}，在第【9】- test_01_register.py - 32
2019-07-29 19:06:20,997 - [DEBUG] - [msg]测试注册异常：密码少于6位,用例执行成功,执行结果为:pass- test_01_register.py - 55
2019-07-29 19:06:20,997 - [DEBUG] - [msg]测试注册异常：密码少于6位,用例执行成功,执行结果为:pass- test_01_register.py - 55
2019-07-29 19:06:21,263 - [DEBUG] - [msg]获取到的data数据为：{"mobilephone":"18894576210","pwd":"123456789123456678912345678","regname":"jason"}，在第【10】- test_01_register.py - 32
2019-07-29 19:06:21,263 - [DEBUG] - [msg]获取到的data数据为：{"mobilephone":"18894576210","pwd":"123456789123456678912345678","regname":"jason"}，在第【10】- test_01_register.py - 32
2019-07-29 19:06:21,394 - [DEBUG] - [msg]测试注册异常：密码多余11位,用例执行成功,执行结果为:pass- test_01_register.py - 55
2019-07-29 19:06:21,394 - [DEBUG] - [msg]测试注册异常：密码多余11位,用例执行成功,执行结果为:pass- test_01_register.py - 55
2019-07-29 19:06:21,395 - [DEBUG] - [msg]获取到的data数据为：{"mobilephone":"18817538042","pwd":"123456","regname":"jason"}，在第【11】- test_01_register.py - 32
2019-07-29 19:06:21,395 - [DEBUG] - [msg]获取到的data数据为：{"mobilephone":"18817538042","pwd":"123456","regname":"jason"}，在第【11】- test_01_register.py - 32
2019-07-29 19:06:21,592 - [DEBUG] - [msg]测试注册异常：手机号以注册,用例执行成功,执行结果为:pass- test_01_register.py - 55
2019-07-29 19:06:21,592 - [DEBUG] - [msg]测试注册异常：手机号以注册,用例执行成功,执行结果为:pass- test_01_register.py - 55
2019-07-29 19:06:21,601 - [DEBUG] - [msg]测试用例执行完毕，停止执行。。。。- test_01_register.py - 25
2019-07-29 19:06:21,601 - [DEBUG] - [msg]测试用例执行完毕，停止执行。。。。- test_01_register.py - 25
2019-07-29 19:06:21,601 - [DEBUG] - [msg]开始执行登录接口用例。。。。- test_02_login.py - 23
2019-07-29 19:06:21,601 - [DEBUG] - [msg]开始执行登录接口用例。。。。- test_02_login.py - 23
2019-07-29 19:06:21,763 - [DEBUG] - [msg]测试正常登陆,用例执行成功,执行结果为:pass- test_02_login.py - 55
2019-07-29 19:06:21,763 - [DEBUG] - [msg]测试正常登陆,用例执行成功,执行结果为:pass- test_02_login.py - 55
2019-07-29 19:06:21,967 - [DEBUG] - [msg]测试手机号为空,用例执行成功,执行结果为:pass- test_02_login.py - 55
2019-07-29 19:06:21,967 - [DEBUG] - [msg]测试手机号为空,用例执行成功,执行结果为:pass- test_02_login.py - 55
2019-07-29 19:06:22,095 - [DEBUG] - [msg]测试密码为空,用例执行成功,执行结果为:pass- test_02_login.py - 55
2019-07-29 19:06:22,095 - [DEBUG] - [msg]测试密码为空,用例执行成功,执行结果为:pass- test_02_login.py - 55
2019-07-29 19:06:22,295 - [DEBUG] - [msg]测试密码错误,用例执行成功,执行结果为:pass- test_02_login.py - 55
2019-07-29 19:06:22,295 - [DEBUG] - [msg]测试密码错误,用例执行成功,执行结果为:pass- test_02_login.py - 55
2019-07-29 19:06:22,716 - [DEBUG] - [msg]测试手机号错误,用例执行成功,执行结果为:pass- test_02_login.py - 55
2019-07-29 19:06:22,716 - [DEBUG] - [msg]测试手机号错误,用例执行成功,执行结果为:pass- test_02_login.py - 55
2019-07-29 19:06:22,716 - [DEBUG] - [msg]测试用例执行完毕，登录接口用例停止执行。。。。- test_02_login.py - 27
2019-07-29 19:06:22,716 - [DEBUG] - [msg]测试用例执行完毕，登录接口用例停止执行。。。。- test_02_login.py - 27
2019-07-29 19:06:22,920 - [DEBUG] - [msg]开始执行充值接口用例。。。。- test_03_recharge.py - 23
2019-07-29 19:06:22,920 - [DEBUG] - [msg]开始执行充值接口用例。。。。- test_03_recharge.py - 23
2019-07-29 19:06:22,922 - [DEBUG] - [msg]获取到的data数据为：{"mobilephone":"18817538042","pwd":"123456"}，在第【2】- test_03_recharge.py - 36
2019-07-29 19:06:22,922 - [DEBUG] - [msg]获取到的data数据为：{"mobilephone":"18817538042","pwd":"123456"}，在第【2】- test_03_recharge.py - 36
2019-07-29 19:06:23,074 - [DEBUG] - [msg]测试正常登陆,用例执行成功,执行结果为:pass- test_03_recharge.py - 77
2019-07-29 19:06:23,074 - [DEBUG] - [msg]测试正常登陆,用例执行成功,执行结果为:pass- test_03_recharge.py - 77
2019-07-29 19:06:23,075 - [DEBUG] - [msg]获取到的data数据为：{"mobilephone":"18817538042","amount":600}，在第【3】- test_03_recharge.py - 36
2019-07-29 19:06:23,075 - [DEBUG] - [msg]获取到的data数据为：{"mobilephone":"18817538042","amount":600}，在第【3】- test_03_recharge.py - 36
2019-07-29 19:06:23,375 - [DEBUG] - [msg]600....类型<class 'int'>,  在第【3】行- test_03_recharge.py - 71
2019-07-29 19:06:23,375 - [DEBUG] - [msg]600....类型<class 'int'>,  在第【3】行- test_03_recharge.py - 71
2019-07-29 19:06:23,462 - [DEBUG] - [msg]测试充值成功-整数,用例执行成功,执行结果为:pass- test_03_recharge.py - 77
2019-07-29 19:06:23,462 - [DEBUG] - [msg]测试充值成功-整数,用例执行成功,执行结果为:pass- test_03_recharge.py - 77
2019-07-29 19:06:23,463 - [DEBUG] - [msg]获取到的data数据为：{"mobilephone":"18817538042","amount":600.1}，在第【4】- test_03_recharge.py - 36
2019-07-29 19:06:23,463 - [DEBUG] - [msg]获取到的data数据为：{"mobilephone":"18817538042","amount":600.1}，在第【4】- test_03_recharge.py - 36
2019-07-29 19:06:23,753 - [DEBUG] - [msg]600.1....类型<class 'float'>,  在第【4】行- test_03_recharge.py - 71
2019-07-29 19:06:23,753 - [DEBUG] - [msg]600.1....类型<class 'float'>,  在第【4】行- test_03_recharge.py - 71
2019-07-29 19:06:23,836 - [DEBUG] - [msg]测试充值成功-1位小数,用例执行成功,执行结果为:pass- test_03_recharge.py - 77
2019-07-29 19:06:23,836 - [DEBUG] - [msg]测试充值成功-1位小数,用例执行成功,执行结果为:pass- test_03_recharge.py - 77
2019-07-29 19:06:23,836 - [DEBUG] - [msg]获取到的data数据为：{"mobilephone":"18817538042","amount":600.22}，在第【5】- test_03_recharge.py - 36
2019-07-29 19:06:23,836 - [DEBUG] - [msg]获取到的data数据为：{"mobilephone":"18817538042","amount":600.22}，在第【5】- test_03_recharge.py - 36
2019-07-29 19:06:24,107 - [DEBUG] - [msg]600.22....类型<class 'float'>,  在第【5】行- test_03_recharge.py - 71
2019-07-29 19:06:24,107 - [DEBUG] - [msg]600.22....类型<class 'float'>,  在第【5】行- test_03_recharge.py - 71
2019-07-29 19:06:24,193 - [DEBUG] - [msg]测试充值成功-2位小数,用例执行成功,执行结果为:pass- test_03_recharge.py - 77
2019-07-29 19:06:24,193 - [DEBUG] - [msg]测试充值成功-2位小数,用例执行成功,执行结果为:pass- test_03_recharge.py - 77
2019-07-29 19:06:24,194 - [DEBUG] - [msg]获取到的data数据为：{"mobilephone":"18817538042","amount":500000}，在第【6】- test_03_recharge.py - 36
2019-07-29 19:06:24,194 - [DEBUG] - [msg]获取到的data数据为：{"mobilephone":"18817538042","amount":500000}，在第【6】- test_03_recharge.py - 36
2019-07-29 19:06:24,510 - [DEBUG] - [msg]500000....类型<class 'int'>,  在第【6】行- test_03_recharge.py - 71
2019-07-29 19:06:24,510 - [DEBUG] - [msg]500000....类型<class 'int'>,  在第【6】行- test_03_recharge.py - 71
2019-07-29 19:06:24,591 - [DEBUG] - [msg]测试充值成功-50万,用例执行成功,执行结果为:pass- test_03_recharge.py - 77
2019-07-29 19:06:24,591 - [DEBUG] - [msg]测试充值成功-50万,用例执行成功,执行结果为:pass- test_03_recharge.py - 77
2019-07-29 19:06:24,592 - [DEBUG] - [msg]获取到的data数据为：{"mobilephone":"","amount":600}，在第【7】- test_03_recharge.py - 36
2019-07-29 19:06:24,592 - [DEBUG] - [msg]获取到的data数据为：{"mobilephone":"","amount":600}，在第【7】- test_03_recharge.py - 36
2019-07-29 19:06:24,728 - [DEBUG] - [msg]测试手机号为空,用例执行成功,执行结果为:pass- test_03_recharge.py - 77
2019-07-29 19:06:24,728 - [DEBUG] - [msg]测试手机号为空,用例执行成功,执行结果为:pass- test_03_recharge.py - 77
2019-07-29 19:06:24,729 - [DEBUG] - [msg]获取到的data数据为：{"mobilephone":"1851829767","amount":600}，在第【8】- test_03_recharge.py - 36
2019-07-29 19:06:24,729 - [DEBUG] - [msg]获取到的data数据为：{"mobilephone":"1851829767","amount":600}，在第【8】- test_03_recharge.py - 36
2019-07-29 19:06:24,886 - [DEBUG] - [msg]测试手机号不足11位,用例执行成功,执行结果为:pass- test_03_recharge.py - 77
2019-07-29 19:06:24,886 - [DEBUG] - [msg]测试手机号不足11位,用例执行成功,执行结果为:pass- test_03_recharge.py - 77
2019-07-29 19:06:24,887 - [DEBUG] - [msg]获取到的data数据为：{"mobilephone":"185182976734567","amount":600}，在第【9】- test_03_recharge.py - 36
2019-07-29 19:06:24,887 - [DEBUG] - [msg]获取到的data数据为：{"mobilephone":"185182976734567","amount":600}，在第【9】- test_03_recharge.py - 36
2019-07-29 19:06:25,075 - [DEBUG] - [msg]测试手机号超过11位,用例执行成功,执行结果为:pass- test_03_recharge.py - 77
2019-07-29 19:06:25,075 - [DEBUG] - [msg]测试手机号超过11位,用例执行成功,执行结果为:pass- test_03_recharge.py - 77
2019-07-29 19:06:25,345 - [DEBUG] - [msg]获取到的data数据为：{"mobilephone":"18889730562","amount":600}，在第【10】- test_03_recharge.py - 36
2019-07-29 19:06:25,345 - [DEBUG] - [msg]获取到的data数据为：{"mobilephone":"18889730562","amount":600}，在第【10】- test_03_recharge.py - 36
2019-07-29 19:06:25,493 - [DEBUG] - [msg]测试手机号不存在,用例执行成功,执行结果为:pass- test_03_recharge.py - 77
2019-07-29 19:06:25,493 - [DEBUG] - [msg]测试手机号不存在,用例执行成功,执行结果为:pass- test_03_recharge.py - 77
2019-07-29 19:06:25,494 - [DEBUG] - [msg]获取到的data数据为：{"mobilephone":"18817538042","amount":0}，在第【11】- test_03_recharge.py - 36
2019-07-29 19:06:25,494 - [DEBUG] - [msg]获取到的data数据为：{"mobilephone":"18817538042","amount":0}，在第【11】- test_03_recharge.py - 36
2019-07-29 19:06:25,723 - [DEBUG] - [msg]测试充值金额为0,用例执行成功,执行结果为:pass- test_03_recharge.py - 77
2019-07-29 19:06:25,723 - [DEBUG] - [msg]测试充值金额为0,用例执行成功,执行结果为:pass- test_03_recharge.py - 77
2019-07-29 19:06:25,724 - [DEBUG] - [msg]获取到的data数据为：{"mobilephone":"18817538042","amount":-600}，在第【12】- test_03_recharge.py - 36
2019-07-29 19:06:25,724 - [DEBUG] - [msg]获取到的data数据为：{"mobilephone":"18817538042","amount":-600}，在第【12】- test_03_recharge.py - 36
2019-07-29 19:06:25,855 - [DEBUG] - [msg]测试充值金额为负数,用例执行成功,执行结果为:pass- test_03_recharge.py - 77
2019-07-29 19:06:25,855 - [DEBUG] - [msg]测试充值金额为负数,用例执行成功,执行结果为:pass- test_03_recharge.py - 77
2019-07-29 19:06:25,855 - [DEBUG] - [msg]获取到的data数据为：{"mobilephone":"18817538042","amount":null}，在第【13】- test_03_recharge.py - 36
2019-07-29 19:06:25,855 - [DEBUG] - [msg]获取到的data数据为：{"mobilephone":"18817538042","amount":null}，在第【13】- test_03_recharge.py - 36
2019-07-29 19:06:26,071 - [DEBUG] - [msg]测试充值金额为空,用例执行成功,执行结果为:pass- test_03_recharge.py - 77
2019-07-29 19:06:26,071 - [DEBUG] - [msg]测试充值金额为空,用例执行成功,执行结果为:pass- test_03_recharge.py - 77
2019-07-29 19:06:26,072 - [DEBUG] - [msg]获取到的data数据为：{"mobilephone":"18817538042","amount":600.222}，在第【14】- test_03_recharge.py - 36
2019-07-29 19:06:26,072 - [DEBUG] - [msg]获取到的data数据为：{"mobilephone":"18817538042","amount":600.222}，在第【14】- test_03_recharge.py - 36
2019-07-29 19:06:26,200 - [DEBUG] - [msg]测试充值金额-3位小数,用例执行成功,执行结果为:pass- test_03_recharge.py - 77
2019-07-29 19:06:26,200 - [DEBUG] - [msg]测试充值金额-3位小数,用例执行成功,执行结果为:pass- test_03_recharge.py - 77
2019-07-29 19:06:26,201 - [DEBUG] - [msg]获取到的data数据为：{"mobilephone":"18817538042","amount":500001}，在第【15】- test_03_recharge.py - 36
2019-07-29 19:06:26,201 - [DEBUG] - [msg]获取到的data数据为：{"mobilephone":"18817538042","amount":500001}，在第【15】- test_03_recharge.py - 36
2019-07-29 19:06:26,399 - [DEBUG] - [msg]测试充值金额-大于50万,用例执行成功,执行结果为:pass- test_03_recharge.py - 77
2019-07-29 19:06:26,399 - [DEBUG] - [msg]测试充值金额-大于50万,用例执行成功,执行结果为:pass- test_03_recharge.py - 77
2019-07-29 19:06:26,402 - [DEBUG] - [msg]获取到的data数据为：{"mobilephone":"18817538042","amount":"50万"}，在第【16】- test_03_recharge.py - 36
2019-07-29 19:06:26,402 - [DEBUG] - [msg]获取到的data数据为：{"mobilephone":"18817538042","amount":"50万"}，在第【16】- test_03_recharge.py - 36
2019-07-29 19:06:26,536 - [DEBUG] - [msg]测试充值金额-非数字,用例执行成功,执行结果为:pass- test_03_recharge.py - 77
2019-07-29 19:06:26,536 - [DEBUG] - [msg]测试充值金额-非数字,用例执行成功,执行结果为:pass- test_03_recharge.py - 77
2019-07-29 19:06:26,536 - [DEBUG] - [msg]测试用例执行完毕，充值接口用例停止执行。。。。- test_03_recharge.py - 28
2019-07-29 19:06:26,536 - [DEBUG] - [msg]测试用例执行完毕，充值接口用例停止执行。。。。- test_03_recharge.py - 28
2019-07-29 19:06:26,536 - [DEBUG] - [msg]开始执行【加标接口】用例。。。。- test_04_add.py - 21
2019-07-29 19:06:26,536 - [DEBUG] - [msg]开始执行【加标接口】用例。。。。- test_04_add.py - 21
2019-07-29 19:06:26,537 - [DEBUG] - [msg]new_data为：{"mobilephone":"18857429301","pwd":"123456"}，类型【<class 'str'>】在第【2】- test_04_add.py - 33
2019-07-29 19:06:26,537 - [DEBUG] - [msg]new_data为：{"mobilephone":"18857429301","pwd":"123456"}，类型【<class 'str'>】在第【2】- test_04_add.py - 33
2019-07-29 19:06:26,735 - [DEBUG] - [msg]测试正常登录,用例执行成功,执行结果为:pass- test_04_add.py - 63
2019-07-29 19:06:26,735 - [DEBUG] - [msg]测试正常登录,用例执行成功,执行结果为:pass- test_04_add.py - 63
2019-07-29 19:06:26,736 - [DEBUG] - [msg]new_data为：{"memberId":"104171","title":"测试-jason","amount":20000,"loanRate":12.0,"loanTerm":6,"loanDateType":0,"repaymemtWay":11,"biddingDays":5}，类型【<class 'str'>】在第【3】- test_04_add.py - 33
2019-07-29 19:06:26,736 - [DEBUG] - [msg]new_data为：{"memberId":"104171","title":"测试-jason","amount":20000,"loanRate":12.0,"loanTerm":6,"loanDateType":0,"repaymemtWay":11,"biddingDays":5}，类型【<class 'str'>】在第【3】- test_04_add.py - 33
2019-07-29 19:06:26,883 - [DEBUG] - [msg]测试加标,用例执行成功,执行结果为:pass- test_04_add.py - 63
2019-07-29 19:06:26,883 - [DEBUG] - [msg]测试加标,用例执行成功,执行结果为:pass- test_04_add.py - 63
2019-07-29 19:06:26,884 - [DEBUG] - [msg]new_data为：{"memberId":null,"title":"测试-jason","amount":20000,"loanRate":12.0,"loanTerm":3,"loanDateType":0,"repaymemtWay":11,"biddingDays":5}，类型【<class 'str'>】在第【4】- test_04_add.py - 33
2019-07-29 19:06:26,884 - [DEBUG] - [msg]new_data为：{"memberId":null,"title":"测试-jason","amount":20000,"loanRate":12.0,"loanTerm":3,"loanDateType":0,"repaymemtWay":11,"biddingDays":5}，类型【<class 'str'>】在第【4】- test_04_add.py - 33
2019-07-29 19:06:27,105 - [DEBUG] - [msg]测试借款人id为空,用例执行成功,执行结果为:pass- test_04_add.py - 63
2019-07-29 19:06:27,105 - [DEBUG] - [msg]测试借款人id为空,用例执行成功,执行结果为:pass- test_04_add.py - 63
2019-07-29 19:06:27,106 - [DEBUG] - [msg]new_data为：{"memberId":"104171","title":null,"amount":20000,"loanRate":12.0,"loanTerm":3,"loanDateType":0,"repaymemtWay":11,"biddingDays":5}，类型【<class 'str'>】在第【5】- test_04_add.py - 33
2019-07-29 19:06:27,106 - [DEBUG] - [msg]new_data为：{"memberId":"104171","title":null,"amount":20000,"loanRate":12.0,"loanTerm":3,"loanDateType":0,"repaymemtWay":11,"biddingDays":5}，类型【<class 'str'>】在第【5】- test_04_add.py - 33
2019-07-29 19:06:27,245 - [DEBUG] - [msg]测试标题为空,用例执行成功,执行结果为:pass- test_04_add.py - 63
2019-07-29 19:06:27,245 - [DEBUG] - [msg]测试标题为空,用例执行成功,执行结果为:pass- test_04_add.py - 63
2019-07-29 19:06:27,246 - [DEBUG] - [msg]new_data为：{"memberId":"104171","title":"测试-jason","amount":null,"loanRate":12.0,"loanTerm":3,"loanDateType":0,"repaymemtWay":11,"biddingDays":5}，类型【<class 'str'>】在第【6】- test_04_add.py - 33
2019-07-29 19:06:27,246 - [DEBUG] - [msg]new_data为：{"memberId":"104171","title":"测试-jason","amount":null,"loanRate":12.0,"loanTerm":3,"loanDateType":0,"repaymemtWay":11,"biddingDays":5}，类型【<class 'str'>】在第【6】- test_04_add.py - 33
2019-07-29 19:06:27,461 - [DEBUG] - [msg]测试借款金额为空,用例执行成功,执行结果为:pass- test_04_add.py - 63
2019-07-29 19:06:27,461 - [DEBUG] - [msg]测试借款金额为空,用例执行成功,执行结果为:pass- test_04_add.py - 63
2019-07-29 19:06:27,463 - [DEBUG] - [msg]new_data为：{"memberId":"104171","title":"测试-jason","amount":20000,"loanRate":null,"loanTerm":3,"loanDateType":0,"repaymemtWay":11,"biddingDays":5}，类型【<class 'str'>】在第【7】- test_04_add.py - 33
2019-07-29 19:06:27,463 - [DEBUG] - [msg]new_data为：{"memberId":"104171","title":"测试-jason","amount":20000,"loanRate":null,"loanTerm":3,"loanDateType":0,"repaymemtWay":11,"biddingDays":5}，类型【<class 'str'>】在第【7】- test_04_add.py - 33
2019-07-29 19:06:27,607 - [DEBUG] - [msg]测试年利率为空,用例执行成功,执行结果为:pass- test_04_add.py - 63
2019-07-29 19:06:27,607 - [DEBUG] - [msg]测试年利率为空,用例执行成功,执行结果为:pass- test_04_add.py - 63
2019-07-29 19:06:27,609 - [DEBUG] - [msg]new_data为：{"memberId":"104171","title":"测试-jason","amount":20000,"loanRate":12.0,"loanTerm":null,"loanDateType":0,"repaymemtWay":11,"biddingDays":5}，类型【<class 'str'>】在第【8】- test_04_add.py - 33
2019-07-29 19:06:27,609 - [DEBUG] - [msg]new_data为：{"memberId":"104171","title":"测试-jason","amount":20000,"loanRate":12.0,"loanTerm":null,"loanDateType":0,"repaymemtWay":11,"biddingDays":5}，类型【<class 'str'>】在第【8】- test_04_add.py - 33
2019-07-29 19:06:27,839 - [DEBUG] - [msg]测试借款期限为空,用例执行成功,执行结果为:pass- test_04_add.py - 63
2019-07-29 19:06:27,839 - [DEBUG] - [msg]测试借款期限为空,用例执行成功,执行结果为:pass- test_04_add.py - 63
2019-07-29 19:06:27,840 - [DEBUG] - [msg]new_data为：{"memberId":"104171","title":"测试-jason","amount":20000,"loanRate":12.0,"loanTerm":3,"loanDateType":null,"repaymentWay":11,"biddingDays":5}，类型【<class 'str'>】在第【9】- test_04_add.py - 33
2019-07-29 19:06:27,840 - [DEBUG] - [msg]new_data为：{"memberId":"104171","title":"测试-jason","amount":20000,"loanRate":12.0,"loanTerm":3,"loanDateType":null,"repaymentWay":11,"biddingDays":5}，类型【<class 'str'>】在第【9】- test_04_add.py - 33
2019-07-29 19:06:27,969 - [DEBUG] - [msg]测试借款期限类型为空,用例执行成功,执行结果为:pass- test_04_add.py - 63
2019-07-29 19:06:27,969 - [DEBUG] - [msg]测试借款期限类型为空,用例执行成功,执行结果为:pass- test_04_add.py - 63
2019-07-29 19:06:27,970 - [DEBUG] - [msg]new_data为：{"memberId":"104171","title":"测试-jason","amount":20000,"loanRate":12.0,"loanTerm":3,"loanDateType":0,"repaymentWay":null,"biddingDays":5}，类型【<class 'str'>】在第【10】- test_04_add.py - 33
2019-07-29 19:06:27,970 - [DEBUG] - [msg]new_data为：{"memberId":"104171","title":"测试-jason","amount":20000,"loanRate":12.0,"loanTerm":3,"loanDateType":0,"repaymentWay":null,"biddingDays":5}，类型【<class 'str'>】在第【10】- test_04_add.py - 33
2019-07-29 19:06:28,171 - [DEBUG] - [msg]测试还款方式为空,用例执行成功,执行结果为:pass- test_04_add.py - 63
2019-07-29 19:06:28,171 - [DEBUG] - [msg]测试还款方式为空,用例执行成功,执行结果为:pass- test_04_add.py - 63
2019-07-29 19:06:28,175 - [DEBUG] - [msg]new_data为：{"memberId":"104171","title":"测试-jason","amount":20000,"loanRate":12.0,"loanTerm":3,"loanDateType":0,"repaymentWay":11,"biddingDays":null}，类型【<class 'str'>】在第【11】- test_04_add.py - 33
2019-07-29 19:06:28,175 - [DEBUG] - [msg]new_data为：{"memberId":"104171","title":"测试-jason","amount":20000,"loanRate":12.0,"loanTerm":3,"loanDateType":0,"repaymentWay":11,"biddingDays":null}，类型【<class 'str'>】在第【11】- test_04_add.py - 33
2019-07-29 19:06:28,320 - [DEBUG] - [msg]测试竞标天数为空,用例执行成功,执行结果为:pass- test_04_add.py - 63
2019-07-29 19:06:28,320 - [DEBUG] - [msg]测试竞标天数为空,用例执行成功,执行结果为:pass- test_04_add.py - 63
2019-07-29 19:06:28,321 - [DEBUG] - [msg]new_data为：{"memberId":"-104171","title":"测试-jason","amount":20000,"loanRate":12.0,"loanTerm":3,"loanDateType":0,"repaymemtWay":11,"biddingDays":5}，类型【<class 'str'>】在第【12】- test_04_add.py - 33
2019-07-29 19:06:28,321 - [DEBUG] - [msg]new_data为：{"memberId":"-104171","title":"测试-jason","amount":20000,"loanRate":12.0,"loanTerm":3,"loanDateType":0,"repaymemtWay":11,"biddingDays":5}，类型【<class 'str'>】在第【12】- test_04_add.py - 33
2019-07-29 19:06:28,504 - [DEBUG] - [msg]测试借款人id为负数,用例执行成功,执行结果为:pass- test_04_add.py - 63
2019-07-29 19:06:28,504 - [DEBUG] - [msg]测试借款人id为负数,用例执行成功,执行结果为:pass- test_04_add.py - 63
2019-07-29 19:06:28,505 - [DEBUG] - [msg]new_data为：{"memberId":104171.33,"title":"测试-jason","amount":20000,"loanRate":12.0,"loanTerm":6,"loanDateType":0,"repaymemtWay":11,"biddingDays":5}，类型【<class 'str'>】在第【13】- test_04_add.py - 33
2019-07-29 19:06:28,505 - [DEBUG] - [msg]new_data为：{"memberId":104171.33,"title":"测试-jason","amount":20000,"loanRate":12.0,"loanTerm":6,"loanDateType":0,"repaymemtWay":11,"biddingDays":5}，类型【<class 'str'>】在第【13】- test_04_add.py - 33
2019-07-29 19:06:28,638 - [DEBUG] - [msg]测试借款人id为小数,用例执行成功,执行结果为:pass- test_04_add.py - 63
2019-07-29 19:06:28,638 - [DEBUG] - [msg]测试借款人id为小数,用例执行成功,执行结果为:pass- test_04_add.py - 63
2019-07-29 19:06:28,639 - [DEBUG] - [msg]new_data为：{"memberId":"104171","title":"测试-jason","amount":-20000,"loanRate":12.0,"loanTerm":6,"loanDateType":0,"repaymemtWay":11,"biddingDays":5}，类型【<class 'str'>】在第【14】- test_04_add.py - 33
2019-07-29 19:06:28,639 - [DEBUG] - [msg]new_data为：{"memberId":"104171","title":"测试-jason","amount":-20000,"loanRate":12.0,"loanTerm":6,"loanDateType":0,"repaymemtWay":11,"biddingDays":5}，类型【<class 'str'>】在第【14】- test_04_add.py - 33
2019-07-29 19:06:28,833 - [DEBUG] - [msg]测试借款金额为负数,用例执行成功,执行结果为:pass- test_04_add.py - 63
2019-07-29 19:06:28,833 - [DEBUG] - [msg]测试借款金额为负数,用例执行成功,执行结果为:pass- test_04_add.py - 63
2019-07-29 19:06:28,836 - [DEBUG] - [msg]new_data为：{"memberId":"104171","title":"测试-jason","amount":20000.99,"loanRate":12.0,"loanTerm":6,"loanDateType":0,"repaymemtWay":11,"biddingDays":5}，类型【<class 'str'>】在第【15】- test_04_add.py - 33
2019-07-29 19:06:28,836 - [DEBUG] - [msg]new_data为：{"memberId":"104171","title":"测试-jason","amount":20000.99,"loanRate":12.0,"loanTerm":6,"loanDateType":0,"repaymemtWay":11,"biddingDays":5}，类型【<class 'str'>】在第【15】- test_04_add.py - 33
2019-07-29 19:06:28,973 - [DEBUG] - [msg]测试借款金额为小数,用例执行成功,执行结果为:pass- test_04_add.py - 63
2019-07-29 19:06:28,973 - [DEBUG] - [msg]测试借款金额为小数,用例执行成功,执行结果为:pass- test_04_add.py - 63
2019-07-29 19:06:28,974 - [DEBUG] - [msg]new_data为：{"memberId":"104171","title":"测试-jason","amount":999,"loanRate":12.0,"loanTerm":6,"loanDateType":0,"repaymemtWay":11,"biddingDays":5}，类型【<class 'str'>】在第【16】- test_04_add.py - 33
2019-07-29 19:06:28,974 - [DEBUG] - [msg]new_data为：{"memberId":"104171","title":"测试-jason","amount":999,"loanRate":12.0,"loanTerm":6,"loanDateType":0,"repaymemtWay":11,"biddingDays":5}，类型【<class 'str'>】在第【16】- test_04_add.py - 33
2019-07-29 19:06:29,157 - [DEBUG] - [msg]测试借款金额小于1000,用例执行成功,执行结果为:pass- test_04_add.py - 63
2019-07-29 19:06:29,157 - [DEBUG] - [msg]测试借款金额小于1000,用例执行成功,执行结果为:pass- test_04_add.py - 63
2019-07-29 19:06:29,159 - [DEBUG] - [msg]new_data为：{"memberId":"104171","title":"测试-jason","amount":1000,"loanRate":12.0,"loanTerm":6,"loanDateType":0,"repaymemtWay":11,"biddingDays":5}，类型【<class 'str'>】在第【17】- test_04_add.py - 33
2019-07-29 19:06:29,159 - [DEBUG] - [msg]new_data为：{"memberId":"104171","title":"测试-jason","amount":1000,"loanRate":12.0,"loanTerm":6,"loanDateType":0,"repaymemtWay":11,"biddingDays":5}，类型【<class 'str'>】在第【17】- test_04_add.py - 33
2019-07-29 19:06:29,304 - [DEBUG] - [msg]测试借款金额等于1000,用例执行成功,执行结果为:pass- test_04_add.py - 63
2019-07-29 19:06:29,304 - [DEBUG] - [msg]测试借款金额等于1000,用例执行成功,执行结果为:pass- test_04_add.py - 63
2019-07-29 19:06:29,305 - [DEBUG] - [msg]new_data为：{"memberId":"104171","title":"测试-jason","amount":20000,"loanRate":12.0,"loanTerm":6,"loanDateType":3,"repaymemtWay":11,"biddingDays":5}，类型【<class 'str'>】在第【18】- test_04_add.py - 33
2019-07-29 19:06:29,305 - [DEBUG] - [msg]new_data为：{"memberId":"104171","title":"测试-jason","amount":20000,"loanRate":12.0,"loanTerm":6,"loanDateType":3,"repaymemtWay":11,"biddingDays":5}，类型【<class 'str'>】在第【18】- test_04_add.py - 33
2019-07-29 19:06:29,504 - [DEBUG] - [msg]测试借款日期类型为3,用例执行成功,执行结果为:pass- test_04_add.py - 63
2019-07-29 19:06:29,504 - [DEBUG] - [msg]测试借款日期类型为3,用例执行成功,执行结果为:pass- test_04_add.py - 63
2019-07-29 19:06:29,505 - [DEBUG] - [msg]new_data为：{"memberId":"104171","title":"测试-jason","amount":"2000","loanRate":12.0,"loanTerm":6,"loanDateType":0,"repaymemtWay":11,"biddingDays":5}，类型【<class 'str'>】在第【19】- test_04_add.py - 33
2019-07-29 19:06:29,505 - [DEBUG] - [msg]new_data为：{"memberId":"104171","title":"测试-jason","amount":"2000","loanRate":12.0,"loanTerm":6,"loanDateType":0,"repaymemtWay":11,"biddingDays":5}，类型【<class 'str'>】在第【19】- test_04_add.py - 33
2019-07-29 19:06:29,640 - [DEBUG] - [msg]测试借款金额为非数字,用例执行成功,执行结果为:pass- test_04_add.py - 63
2019-07-29 19:06:29,640 - [DEBUG] - [msg]测试借款金额为非数字,用例执行成功,执行结果为:pass- test_04_add.py - 63
2019-07-29 19:06:29,641 - [DEBUG] - [msg]new_data为：{"memberId":"104171","title":"测试-jason","amount":20000,"loanRate":"12.0","loanTerm":6,"loanDateType":0,"repaymemtWay":11,"biddingDays":5}，类型【<class 'str'>】在第【20】- test_04_add.py - 33
2019-07-29 19:06:29,641 - [DEBUG] - [msg]new_data为：{"memberId":"104171","title":"测试-jason","amount":20000,"loanRate":"12.0","loanTerm":6,"loanDateType":0,"repaymemtWay":11,"biddingDays":5}，类型【<class 'str'>】在第【20】- test_04_add.py - 33
2019-07-29 19:06:29,856 - [DEBUG] - [msg]测试贷款利率非数字,用例执行成功,执行结果为:pass- test_04_add.py - 63
2019-07-29 19:06:29,856 - [DEBUG] - [msg]测试贷款利率非数字,用例执行成功,执行结果为:pass- test_04_add.py - 63
2019-07-29 19:06:29,857 - [DEBUG] - [msg]new_data为：{"memberId":"104171","title":"测试-jason","amount":20000,"loanRate":12.0,"loanTerm":6,"loanDateType":0,"repaymemtWay":"11","biddingDays":5}，类型【<class 'str'>】在第【21】- test_04_add.py - 33
2019-07-29 19:06:29,857 - [DEBUG] - [msg]new_data为：{"memberId":"104171","title":"测试-jason","amount":20000,"loanRate":12.0,"loanTerm":6,"loanDateType":0,"repaymemtWay":"11","biddingDays":5}，类型【<class 'str'>】在第【21】- test_04_add.py - 33
2019-07-29 19:06:30,003 - [DEBUG] - [msg]测试付款方式非数字,用例执行成功,执行结果为:pass- test_04_add.py - 63
2019-07-29 19:06:30,003 - [DEBUG] - [msg]测试付款方式非数字,用例执行成功,执行结果为:pass- test_04_add.py - 63
2019-07-29 19:06:30,003 - [DEBUG] - [msg]测试用例执行完毕，【加标接口用例】停止执行。。。。- test_04_add.py - 25
2019-07-29 19:06:30,003 - [DEBUG] - [msg]测试用例执行完毕，【加标接口用例】停止执行。。。。- test_04_add.py - 25
2019-07-29 19:06:30,182 - [DEBUG] - [msg]开始执行投资接口用例。。。。- test_05_invest.py - 23
2019-07-29 19:06:30,182 - [DEBUG] - [msg]开始执行投资接口用例。。。。- test_05_invest.py - 23
2019-07-29 19:06:30,188 - [DEBUG] - [msg]获取到的new_data数据为：{"mobilephone":"18857429301","pwd":"123456"}，在第【2】- test_05_invest.py - 36
2019-07-29 19:06:30,188 - [DEBUG] - [msg]获取到的new_data数据为：{"mobilephone":"18857429301","pwd":"123456"}，在第【2】- test_05_invest.py - 36
2019-07-29 19:06:30,328 - [DEBUG] - [msg]测试管理员正常登陆,用例执行成功,执行结果为:pass- test_05_invest.py - 67
2019-07-29 19:06:30,328 - [DEBUG] - [msg]测试管理员正常登陆,用例执行成功,执行结果为:pass- test_05_invest.py - 67
2019-07-29 19:06:30,329 - [DEBUG] - [msg]获取到的new_data数据为：{"memberId":"104171","title":"测试-jason","amount":20000,"loanRate":12.0,"loanTerm":6,"loanDateType":0,"repaymemtWay":11,"biddingDays":5}，在第【3】- test_05_invest.py - 36
2019-07-29 19:06:30,329 - [DEBUG] - [msg]获取到的new_data数据为：{"memberId":"104171","title":"测试-jason","amount":20000,"loanRate":12.0,"loanTerm":6,"loanDateType":0,"repaymemtWay":11,"biddingDays":5}，在第【3】- test_05_invest.py - 36
2019-07-29 19:06:30,495 - [DEBUG] - [msg]load_id的值为【53549】,在第  3  行,返回值类型 <class 'int'>- test_05_invest.py - 53
2019-07-29 19:06:30,495 - [DEBUG] - [msg]load_id的值为【53549】,在第  3  行,返回值类型 <class 'int'>- test_05_invest.py - 53
2019-07-29 19:06:30,577 - [DEBUG] - [msg]测试管理员加标,用例执行成功,执行结果为:pass- test_05_invest.py - 67
2019-07-29 19:06:30,577 - [DEBUG] - [msg]测试管理员加标,用例执行成功,执行结果为:pass- test_05_invest.py - 67
2019-07-29 19:06:30,579 - [DEBUG] - [msg]获取到的new_data数据为：{"id":"53549","status":4}，在第【4】- test_05_invest.py - 36
2019-07-29 19:06:30,579 - [DEBUG] - [msg]获取到的new_data数据为：{"id":"53549","status":4}，在第【4】- test_05_invest.py - 36
2019-07-29 19:06:30,832 - [DEBUG] - [msg]测试管理员审核,用例执行成功,执行结果为:pass- test_05_invest.py - 67
2019-07-29 19:06:30,832 - [DEBUG] - [msg]测试管理员审核,用例执行成功,执行结果为:pass- test_05_invest.py - 67
2019-07-29 19:06:30,833 - [DEBUG] - [msg]获取到的new_data数据为：{"mobilephone":"18817538042","pwd":"123456"}，在第【5】- test_05_invest.py - 36
2019-07-29 19:06:30,833 - [DEBUG] - [msg]获取到的new_data数据为：{"mobilephone":"18817538042","pwd":"123456"}，在第【5】- test_05_invest.py - 36
2019-07-29 19:06:30,981 - [DEBUG] - [msg]测试投资人正常登陆,用例执行成功,执行结果为:pass- test_05_invest.py - 67
2019-07-29 19:06:30,981 - [DEBUG] - [msg]测试投资人正常登陆,用例执行成功,执行结果为:pass- test_05_invest.py - 67
2019-07-29 19:06:30,983 - [DEBUG] - [msg]获取到的new_data数据为：{"memberId":"104170","password":"123456","loanId":53549,"amount":500}，在第【6】- test_05_invest.py - 36
2019-07-29 19:06:30,983 - [DEBUG] - [msg]获取到的new_data数据为：{"memberId":"104170","password":"123456","loanId":53549,"amount":500}，在第【6】- test_05_invest.py - 36
2019-07-29 19:06:31,188 - [DEBUG] - [msg]测试投资人正常投资,用例执行成功,执行结果为:pass- test_05_invest.py - 67
2019-07-29 19:06:31,188 - [DEBUG] - [msg]测试投资人正常投资,用例执行成功,执行结果为:pass- test_05_invest.py - 67
2019-07-29 19:06:31,190 - [DEBUG] - [msg]获取到的new_data数据为：{"memberId":null,"password":"123456","loanId":"53549","amount":500}，在第【7】- test_05_invest.py - 36
2019-07-29 19:06:31,190 - [DEBUG] - [msg]获取到的new_data数据为：{"memberId":null,"password":"123456","loanId":"53549","amount":500}，在第【7】- test_05_invest.py - 36
2019-07-29 19:06:31,322 - [DEBUG] - [msg]测试投资人id为空,用例执行成功,执行结果为:pass- test_05_invest.py - 67
2019-07-29 19:06:31,322 - [DEBUG] - [msg]测试投资人id为空,用例执行成功,执行结果为:pass- test_05_invest.py - 67
2019-07-29 19:06:31,324 - [DEBUG] - [msg]获取到的new_data数据为：{"memberId":"104170","password":null,"loanId":"53549","amount":500}，在第【8】- test_05_invest.py - 36
2019-07-29 19:06:31,324 - [DEBUG] - [msg]获取到的new_data数据为：{"memberId":"104170","password":null,"loanId":"53549","amount":500}，在第【8】- test_05_invest.py - 36
2019-07-29 19:06:31,509 - [DEBUG] - [msg]测试投资人密码为空,用例执行成功,执行结果为:pass- test_05_invest.py - 67
2019-07-29 19:06:31,509 - [DEBUG] - [msg]测试投资人密码为空,用例执行成功,执行结果为:pass- test_05_invest.py - 67
2019-07-29 19:06:31,511 - [DEBUG] - [msg]获取到的new_data数据为：{"memberId":"104170","password":"123456","loanId":null,"amount":500}，在第【9】- test_05_invest.py - 36
2019-07-29 19:06:31,511 - [DEBUG] - [msg]获取到的new_data数据为：{"memberId":"104170","password":"123456","loanId":null,"amount":500}，在第【9】- test_05_invest.py - 36
2019-07-29 19:06:31,633 - [DEBUG] - [msg]测试标id为空,用例执行成功,执行结果为:pass- test_05_invest.py - 67
2019-07-29 19:06:31,633 - [DEBUG] - [msg]测试标id为空,用例执行成功,执行结果为:pass- test_05_invest.py - 67
2019-07-29 19:06:31,635 - [DEBUG] - [msg]获取到的new_data数据为：{"memberId":"104170","password":"123456","loanId":"53549","amount":null}，在第【10】- test_05_invest.py - 36
2019-07-29 19:06:31,635 - [DEBUG] - [msg]获取到的new_data数据为：{"memberId":"104170","password":"123456","loanId":"53549","amount":null}，在第【10】- test_05_invest.py - 36
2019-07-29 19:06:31,827 - [DEBUG] - [msg]测试投资金额为空,用例执行成功,执行结果为:pass- test_05_invest.py - 67
2019-07-29 19:06:31,827 - [DEBUG] - [msg]测试投资金额为空,用例执行成功,执行结果为:pass- test_05_invest.py - 67
2019-07-29 19:06:31,830 - [DEBUG] - [msg]获取到的new_data数据为：{"memberId":"-104170","password":"123456","loanId":"53549","amount":500}，在第【11】- test_05_invest.py - 36
2019-07-29 19:06:31,830 - [DEBUG] - [msg]获取到的new_data数据为：{"memberId":"-104170","password":"123456","loanId":"53549","amount":500}，在第【11】- test_05_invest.py - 36
2019-07-29 19:06:31,959 - [DEBUG] - [msg]测试投资人id为负数,用例执行成功,执行结果为:pass- test_05_invest.py - 67
2019-07-29 19:06:31,959 - [DEBUG] - [msg]测试投资人id为负数,用例执行成功,执行结果为:pass- test_05_invest.py - 67
2019-07-29 19:06:31,961 - [DEBUG] - [msg]获取到的new_data数据为：{"memberId":0,"password":"123456","loanId":"53549","amount":500}，在第【12】- test_05_invest.py - 36
2019-07-29 19:06:31,961 - [DEBUG] - [msg]获取到的new_data数据为：{"memberId":0,"password":"123456","loanId":"53549","amount":500}，在第【12】- test_05_invest.py - 36
2019-07-29 19:06:32,177 - [DEBUG] - [msg]测试投资人id为0,用例执行成功,执行结果为:pass- test_05_invest.py - 67
2019-07-29 19:06:32,177 - [DEBUG] - [msg]测试投资人id为0,用例执行成功,执行结果为:pass- test_05_invest.py - 67
2019-07-29 19:06:32,179 - [DEBUG] - [msg]获取到的new_data数据为：{"memberId":"104170","password":"123456","loanId":"-53549","amount":500}，在第【13】- test_05_invest.py - 36
2019-07-29 19:06:32,179 - [DEBUG] - [msg]获取到的new_data数据为：{"memberId":"104170","password":"123456","loanId":"-53549","amount":500}，在第【13】- test_05_invest.py - 36
2019-07-29 19:06:32,309 - [DEBUG] - [msg]测试标id为负数,用例执行成功,执行结果为:pass- test_05_invest.py - 67
2019-07-29 19:06:32,309 - [DEBUG] - [msg]测试标id为负数,用例执行成功,执行结果为:pass- test_05_invest.py - 67
2019-07-29 19:06:32,311 - [DEBUG] - [msg]获取到的new_data数据为：{"memberId":"104170","password":"123456","loan_id":0,"amount":500}，在第【14】- test_05_invest.py - 36
2019-07-29 19:06:32,311 - [DEBUG] - [msg]获取到的new_data数据为：{"memberId":"104170","password":"123456","loan_id":0,"amount":500}，在第【14】- test_05_invest.py - 36
2019-07-29 19:06:32,512 - [DEBUG] - [msg]测试标id为0,用例执行成功,执行结果为:pass- test_05_invest.py - 67
2019-07-29 19:06:32,512 - [DEBUG] - [msg]测试标id为0,用例执行成功,执行结果为:pass- test_05_invest.py - 67
2019-07-29 19:06:32,513 - [DEBUG] - [msg]获取到的new_data数据为：{"memberId":"104170","password":"1234","loanId":"53549","amount":500}，在第【15】- test_05_invest.py - 36
2019-07-29 19:06:32,513 - [DEBUG] - [msg]获取到的new_data数据为：{"memberId":"104170","password":"1234","loanId":"53549","amount":500}，在第【15】- test_05_invest.py - 36
2019-07-29 19:06:32,639 - [DEBUG] - [msg]测试投资人密码长度小于6,用例执行成功,执行结果为:pass- test_05_invest.py - 67
2019-07-29 19:06:32,639 - [DEBUG] - [msg]测试投资人密码长度小于6,用例执行成功,执行结果为:pass- test_05_invest.py - 67
2019-07-29 19:06:32,641 - [DEBUG] - [msg]获取到的new_data数据为：{"memberId":"104170","password":"123456123456123456123456","loanId":"53549","amount":500}，在第【16】- test_05_invest.py - 36
2019-07-29 19:06:32,641 - [DEBUG] - [msg]获取到的new_data数据为：{"memberId":"104170","password":"123456123456123456123456","loanId":"53549","amount":500}，在第【16】- test_05_invest.py - 36
2019-07-29 19:06:32,875 - [DEBUG] - [msg]测试投资人密码长度大于18,用例执行成功,执行结果为:pass- test_05_invest.py - 67
2019-07-29 19:06:32,875 - [DEBUG] - [msg]测试投资人密码长度大于18,用例执行成功,执行结果为:pass- test_05_invest.py - 67
2019-07-29 19:06:32,877 - [DEBUG] - [msg]获取到的new_data数据为：{"memberId":"104170","password":"123456","loanId":"53549","amount":-500}，在第【17】- test_05_invest.py - 36
2019-07-29 19:06:32,877 - [DEBUG] - [msg]获取到的new_data数据为：{"memberId":"104170","password":"123456","loanId":"53549","amount":-500}，在第【17】- test_05_invest.py - 36
2019-07-29 19:06:33,009 - [DEBUG] - [msg]测试投资金额为负数,用例执行成功,执行结果为:pass- test_05_invest.py - 67
2019-07-29 19:06:33,009 - [DEBUG] - [msg]测试投资金额为负数,用例执行成功,执行结果为:pass- test_05_invest.py - 67
2019-07-29 19:06:33,010 - [DEBUG] - [msg]获取到的new_data数据为：{"memberId":"104170","password":"123456","loanId":"53549","amount":505}，在第【18】- test_05_invest.py - 36
2019-07-29 19:06:33,010 - [DEBUG] - [msg]获取到的new_data数据为：{"memberId":"104170","password":"123456","loanId":"53549","amount":505}，在第【18】- test_05_invest.py - 36
2019-07-29 19:06:33,222 - [DEBUG] - [msg]测试投资金额为不能被100整除的数,用例执行成功,执行结果为:pass- test_05_invest.py - 67
2019-07-29 19:06:33,222 - [DEBUG] - [msg]测试投资金额为不能被100整除的数,用例执行成功,执行结果为:pass- test_05_invest.py - 67
2019-07-29 19:06:33,224 - [DEBUG] - [msg]获取到的new_data数据为：{"memberId":"18817538042","password":"123456","loanId":"53549","amount":500}，在第【19】- test_05_invest.py - 36
2019-07-29 19:06:33,224 - [DEBUG] - [msg]获取到的new_data数据为：{"memberId":"18817538042","password":"123456","loanId":"53549","amount":500}，在第【19】- test_05_invest.py - 36
2019-07-29 19:06:33,365 - [DEBUG] - [msg]测试投资人id不存在,用例执行成功,执行结果为:pass- test_05_invest.py - 67
2019-07-29 19:06:33,365 - [DEBUG] - [msg]测试投资人id不存在,用例执行成功,执行结果为:pass- test_05_invest.py - 67
2019-07-29 19:06:33,365 - [DEBUG] - [msg]测试用例执行完毕，投资接口用例停止执行。。。。- test_05_invest.py - 28
2019-07-29 19:06:33,365 - [DEBUG] - [msg]测试用例执行完毕，投资接口用例停止执行。。。。- test_05_invest.py - 28
